<?xml version="1.0" encoding="UTF-8"?>
<testsuite name="TicTacToeTest" tests="1" skipped="0" failures="0" errors="0" timestamp="2020-04-30T22:22:31" hostname="DESKTOP-9UJTN0B" time="0.252">
  <properties/>
  <testcase name="start" classname="TicTacToeTest" time="0.252"/>
  <system-out><![CDATA[?[1;31m
Start test 1?[0m
---------
|       |
|       |
|       |
---------
Enter the coordinates: > 4 3
Coordinates should be from 1 to 3!
Enter the coordinates: > 1 2
---------
|       |
| X     |
|       |
---------
Enter the coordinates: > 2 2
---------
|       |
| X X   |
|       |
---------
Enter the coordinates: > 1 3
---------
| X     |
| X X   |
|       |
---------
Enter the coordinates: > 4 2
Coordinates should be from 1 to 3!
Enter the coordinates: > 1 1
---------
| X     |
| X X   |
| X     |
---------
X wins
?[1;31m
Start test 2?[0m
---------
|       |
|       |
|       |
---------
Enter the coordinates: > 4 1
Coordinates should be from 1 to 3!
Enter the coordinates: > 3 4
Coordinates should be from 1 to 3!
Enter the coordinates: > 3 3
---------
|     X |
|       |
|       |
---------
Enter the coordinates: > 2 1
---------
|     X |
|       |
|   X   |
---------
Enter the coordinates: > 1 2
---------
|     X |
| X     |
|   X   |
---------
Enter the coordinates: > 1 3
---------
| X   X |
| X     |
|   X   |
---------
Enter the coordinates: > 3 4
Coordinates should be from 1 to 3!
Enter the coordinates: > 3 3
This cell is occupied! Choose another one!
Enter the coordinates: > 4 1
Coordinates should be from 1 to 3!
Enter the coordinates: > 2 3
---------
| X X X |
| X     |
|   X   |
---------
X wins
?[1;31m
Start test 3?[0m
---------
|       |
|       |
|       |
---------
Enter the coordinates: > 3 1
---------
|       |
|       |
|     X |
---------
Enter the coordinates: > 4 1
Coordinates should be from 1 to 3!
Enter the coordinates: > 1 4
Coordinates should be from 1 to 3!
Enter the coordinates: > 1 3
---------
| X     |
|       |
|     X |
---------
Enter the coordinates: > 4 1
Coordinates should be from 1 to 3!
Enter the coordinates: > 4 3
Coordinates should be from 1 to 3!
Enter the coordinates: > 4 1
Coordinates should be from 1 to 3!
Enter the coordinates: > 4 3
Coordinates should be from 1 to 3!
Enter the coordinates: > 4 1
Coordinates should be from 1 to 3!
Enter the coordinates: > 4 1
Coordinates should be from 1 to 3!
Enter the coordinates: > 1 3
This cell is occupied! Choose another one!
Enter the coordinates: > 2 1
---------
| X     |
|       |
|   X X |
---------
Enter the coordinates: > 2 2
---------
| X     |
|   X   |
|   X X |
---------
X wins
?[1;31m
Start test 4?[0m
---------
|       |
|       |
|       |
---------
Enter the coordinates: > 4 3
Coordinates should be from 1 to 3!
Enter the coordinates: > 3 2
---------
|       |
|     X |
|       |
---------
Enter the coordinates: > 2 4
Coordinates should be from 1 to 3!
Enter the coordinates: > 2 4
Coordinates should be from 1 to 3!
Enter the coordinates: > 4 3
Coordinates should be from 1 to 3!
Enter the coordinates: > 1 2
---------
|       |
| X   X |
|       |
---------
Enter the coordinates: > 4 3
Coordinates should be from 1 to 3!
Enter the coordinates: > 2 2
---------
|       |
| X X X |
|       |
---------
X wins
?[1;31m
Start test 5?[0m
---------
|       |
|       |
|       |
---------
Enter the coordinates: > 1 4
Coordinates should be from 1 to 3!
Enter the coordinates: > 1 4
Coordinates should be from 1 to 3!
Enter the coordinates: > 1 1
---------
|       |
|       |
| X     |
---------
Enter the coordinates: > 4 4
Coordinates should be from 1 to 3!
Enter the coordinates: > 4 1
Coordinates should be from 1 to 3!
Enter the coordinates: > 2 3
---------
|   X   |
|       |
| X     |
---------
Enter the coordinates: > 4 4
Coordinates should be from 1 to 3!
Enter the coordinates: > 2 2
---------
|   X   |
|   X   |
| X     |
---------
Enter the coordinates: > 3 1
---------
|   X   |
|   X   |
| X   X |
---------
Enter the coordinates: > 2 2
This cell is occupied! Choose another one!
Enter the coordinates: > 2 2
This cell is occupied! Choose another one!
Enter the coordinates: > 2 3
This cell is occupied! Choose another one!
Enter the coordinates: > 3 1
This cell is occupied! Choose another one!
Enter the coordinates: > 3 2
---------
|   X   |
|   X X |
| X   X |
---------
Enter the coordinates: > 3 3
---------
|   X X |
|   X X |
| X   X |
---------
X wins
?[1;31m
Start test 6?[0m
---------
|       |
|       |
|       |
---------
Enter the coordinates: > 4 5
Coordinates should be from 1 to 3!
Enter the coordinates: > 3 4
Coordinates should be from 1 to 3!
Enter the coordinates: > 1 2
---------
|       |
| X     |
|       |
---------
Enter the coordinates: > 3 2
---------
|       |
| X   X |
|       |
---------
Enter the coordinates: > 4 1
Coordinates should be from 1 to 3!
Enter the coordinates: > 1 1
---------
|       |
| X   X |
| X     |
---------
Enter the coordinates: > 3 4
Coordinates should be from 1 to 3!
Enter the coordinates: > 1 3
---------
| X     |
| X   X |
| X     |
---------
X wins
?[1;31m
Start test 7?[0m
---------
|       |
|       |
|       |
---------
Enter the coordinates: > 3 1
---------
|       |
|       |
|     X |
---------
Enter the coordinates: > 1 3
---------
| X     |
|       |
|     X |
---------
Enter the coordinates: > 3 1
This cell is occupied! Choose another one!
Enter the coordinates: > 3 3
---------
| X   X |
|       |
|     X |
---------
Enter the coordinates: > 1 4
Coordinates should be from 1 to 3!
Enter the coordinates: > 3 4
Coordinates should be from 1 to 3!
Enter the coordinates: > 4 2
Coordinates should be from 1 to 3!
Enter the coordinates: > 4 2
Coordinates should be from 1 to 3!
Enter the coordinates: > 1 3
This cell is occupied! Choose another one!
Enter the coordinates: > 3 3
This cell is occupied! Choose another one!
Enter the coordinates: > 3 1
This cell is occupied! Choose another one!
Enter the coordinates: > 3 2
---------
| X   X |
|     X |
|     X |
---------
X wins
?[1;31m
Start test 8?[0m
---------
|       |
|       |
|       |
---------
Enter the coordinates: > 4 7
Coordinates should be from 1 to 3!
Enter the coordinates: > 4 4
Coordinates should be from 1 to 3!
Enter the coordinates: > 3 2
---------
|       |
|     X |
|       |
---------
Enter the coordinates: > 1 2
---------
|       |
| X   X |
|       |
---------
Enter the coordinates: > 4 3
Coordinates should be from 1 to 3!
Enter the coordinates: > 4 2
Coordinates should be from 1 to 3!
Enter the coordinates: > 4 4
Coordinates should be from 1 to 3!
Enter the coordinates: > 2 4
Coordinates should be from 1 to 3!
Enter the coordinates: > 1 1
---------
|       |
| X   X |
| X     |
---------
Enter the coordinates: > 1 2
This cell is occupied! Choose another one!
Enter the coordinates: > 4 4
Coordinates should be from 1 to 3!
Enter the coordinates: > 3 2
This cell is occupied! Choose another one!
Enter the coordinates: > 3 3
---------
|     X |
| X   X |
| X     |
---------
Enter the coordinates: > 1 1
This cell is occupied! Choose another one!
Enter the coordinates: > 1 2
This cell is occupied! Choose another one!
Enter the coordinates: > 1 3
---------
| X   X |
| X   X |
| X     |
---------
X wins
?[1;31m
Start test 9?[0m
---------
|       |
|       |
|       |
---------
Enter the coordinates: > 1 4
Coordinates should be from 1 to 3!
Enter the coordinates: > 2 2
---------
|       |
|   X   |
|       |
---------
Enter the coordinates: > 2 1
---------
|       |
|   X   |
|   X   |
---------
Enter the coordinates: > 1 3
---------
| X     |
|   X   |
|   X   |
---------
Enter the coordinates: > 2 1
This cell is occupied! Choose another one!
Enter the coordinates: > 4 4
Coordinates should be from 1 to 3!
Enter the coordinates: > 3 2
---------
| X     |
|   X X |
|   X   |
---------
Enter the coordinates: > 1 3
This cell is occupied! Choose another one!
Enter the coordinates: > 4 2
Coordinates should be from 1 to 3!
Enter the coordinates: > 4 3
Coordinates should be from 1 to 3!
Enter the coordinates: > 3 3
---------
| X   X |
|   X X |
|   X   |
---------
Enter the coordinates: > 1 1
---------
| X   X |
|   X X |
| X X   |
---------
X wins
]]></system-out>
  <system-err><![CDATA[]]></system-err>
</testsuite>
